<?xml version="1.0" encoding="UTF-8"?>
<testsuite xmlns:xsi="http://www.w3.org/2001/XMLSchema-instance" xsi:noNamespaceSchemaLocation="https://maven.apache.org/surefire/maven-surefire-plugin/xsd/surefire-test-report-3.0.xsd" version="3.0" name="pt.ulisboa.tecnico.learnjava.bank.account.CheckingAccountTest" time="0.653" tests="4" errors="0" skipped="0" failures="0">
  <properties>
[...]
</properties>
  <testcase name="create account with null bank" classname="pt.ulisboa.tecnico.learnjava.bank.account.CheckingAccountTest" time="0.638"/>
  <testcase name="create account with positive amount" classname="pt.ulisboa.tecnico.learnjava.bank.account.CheckingAccountTest" time="0.001"/>
  <testcase name="create account with 0 amount" classname="pt.ulisboa.tecnico.learnjava.bank.account.CheckingAccountTest" time="0"/>
  <testcase name="create account with negative amount" classname="pt.ulisboa.tecnico.learnjava.bank.account.CheckingAccountTest" time="0.001"/>
</testsuite>