<?xml version="1.0" encoding="UTF-8" standalone="yes"?><!DOCTYPE report PUBLIC "-//JACOCO//DTD Report 1.1//EN" "report.dtd"><report name="bank"><sessioninfo id="proteus.lan-e8e11ad0" start="1643322058958" dump="1643322060976"/><package name="pt/ulisboa/tecnico/learnjava/bank/domain"><class name="pt/ulisboa/tecnico/learnjava/bank/domain/Account" sourcefilename="Account.java"><method name="&lt;init&gt;" desc="(Lpt/ulisboa/tecnico/learnjava/bank/domain/Bank;)V" line="14"><counter type="INSTRUCTION" missed="5" covered="0"/><counter type="LINE" missed="2" covered="0"/><counter type="COMPLEXITY" missed="1" covered="0"/><counter type="METHOD" missed="1" covered="0"/></method><method name="&lt;init&gt;" desc="(Lpt/ulisboa/tecnico/learnjava/bank/domain/Bank;I)V" line="17"><counter type="INSTRUCTION" missed="0" covered="25"/><counter type="BRANCH" missed="0" covered="4"/><counter type="LINE" missed="0" covered="8"/><counter type="COMPLEXITY" missed="0" covered="3"/><counter type="METHOD" missed="0" covered="1"/></method><method name="getBalance" desc="()I" line="32"><counter type="INSTRUCTION" missed="0" covered="3"/><counter type="LINE" missed="0" covered="1"/><counter type="COMPLEXITY" missed="0" covered="1"/><counter type="METHOD" missed="0" covered="1"/></method><method name="getAccountId" desc="()Ljava/lang/String;" line="36"><counter type="INSTRUCTION" missed="3" covered="0"/><counter type="LINE" missed="1" covered="0"/><counter type="COMPLEXITY" missed="1" covered="0"/><counter type="METHOD" missed="1" covered="0"/></method><method name="deposit" desc="(I)V" line="40"><counter type="INSTRUCTION" missed="5" covered="17"/><counter type="BRANCH" missed="1" covered="3"/><counter type="LINE" missed="1" covered="5"/><counter type="COMPLEXITY" missed="1" covered="2"/><counter type="METHOD" missed="0" covered="1"/></method><method name="withdraw" desc="(I)V" line="52"><counter type="INSTRUCTION" missed="21" covered="0"/><counter type="BRANCH" missed="4" covered="0"/><counter type="LINE" missed="6" covered="0"/><counter type="COMPLEXITY" missed="3" covered="0"/><counter type="METHOD" missed="1" covered="0"/></method><counter type="INSTRUCTION" missed="34" covered="45"/><counter type="BRANCH" missed="5" covered="7"/><counter type="LINE" missed="10" covered="14"/><counter type="COMPLEXITY" missed="6" covered="6"/><counter type="METHOD" missed="3" covered="3"/><counter type="CLASS" missed="0" covered="1"/></class><class name="pt/ulisboa/tecnico/learnjava/bank/domain/Bank" sourcefilename="Bank.java"><method name="getBankByCode" desc="(Ljava/lang/String;)Lpt/ulisboa/tecnico/learnjava/bank/domain/Bank;" line="29"><counter type="INSTRUCTION" missed="0" covered="10"/><counter type="LINE" missed="0" covered="1"/><counter type="COMPLEXITY" missed="0" covered="1"/><counter type="METHOD" missed="0" covered="1"/></method><method name="clearBanks" desc="()V" line="33"><counter type="INSTRUCTION" missed="0" covered="3"/><counter type="LINE" missed="0" covered="2"/><counter type="COMPLEXITY" missed="0" covered="1"/><counter type="METHOD" missed="0" covered="1"/></method><method name="&lt;init&gt;" desc="(Ljava/lang/String;)V" line="39"><counter type="INSTRUCTION" missed="0" covered="18"/><counter type="LINE" missed="0" covered="6"/><counter type="COMPLEXITY" missed="0" covered="1"/><counter type="METHOD" missed="0" covered="1"/></method><method name="checkCode" desc="(Ljava/lang/String;)V" line="50"><counter type="INSTRUCTION" missed="8" covered="10"/><counter type="BRANCH" missed="3" covered="3"/><counter type="LINE" missed="2" covered="3"/><counter type="COMPLEXITY" missed="3" covered="1"/><counter type="METHOD" missed="0" covered="1"/></method><method name="getCode" desc="()Ljava/lang/String;" line="62"><counter type="INSTRUCTION" missed="3" covered="0"/><counter type="LINE" missed="1" covered="0"/><counter type="COMPLEXITY" missed="1" covered="0"/><counter type="METHOD" missed="1" covered="0"/></method><method name="createAccount" desc="(II)Ljava/lang/String;" line="68"><counter type="INSTRUCTION" missed="12" covered="0"/><counter type="LINE" missed="2" covered="0"/><counter type="COMPLEXITY" missed="1" covered="0"/><counter type="METHOD" missed="1" covered="0"/></method><method name="addAccount" desc="(Lpt/ulisboa/tecnico/learnjava/bank/domain/Account;)V" line="74"><counter type="INSTRUCTION" missed="0" covered="6"/><counter type="LINE" missed="0" covered="2"/><counter type="COMPLEXITY" missed="0" covered="1"/><counter type="METHOD" missed="0" covered="1"/></method><method name="getAccountByIban" desc="(Ljava/lang/String;)Lpt/ulisboa/tecnico/learnjava/bank/domain/Account;" line="78"><counter type="INSTRUCTION" missed="18" covered="0"/><counter type="LINE" missed="5" covered="0"/><counter type="COMPLEXITY" missed="1" covered="0"/><counter type="METHOD" missed="1" covered="0"/></method><method name="getAccountByAccountId" desc="(Ljava/lang/String;)Lpt/ulisboa/tecnico/learnjava/bank/domain/Account;" line="88"><counter type="INSTRUCTION" missed="11" covered="0"/><counter type="LINE" missed="1" covered="0"/><counter type="COMPLEXITY" missed="1" covered="0"/><counter type="METHOD" missed="1" covered="0"/></method><method name="getTotalNumberOfAccounts" desc="()I" line="92"><counter type="INSTRUCTION" missed="0" covered="4"/><counter type="LINE" missed="0" covered="1"/><counter type="COMPLEXITY" missed="0" covered="1"/><counter type="METHOD" missed="0" covered="1"/></method><method name="getAccounts" desc="()Ljava/util/stream/Stream;" line="96"><counter type="INSTRUCTION" missed="4" covered="0"/><counter type="LINE" missed="1" covered="0"/><counter type="COMPLEXITY" missed="1" covered="0"/><counter type="METHOD" missed="1" covered="0"/></method><method name="getTotalBalance" desc="()I" line="100"><counter type="INSTRUCTION" missed="7" covered="0"/><counter type="LINE" missed="1" covered="0"/><counter type="COMPLEXITY" missed="1" covered="0"/><counter type="METHOD" missed="1" covered="0"/></method><method name="main" desc="([Ljava/lang/String;)V" line="104"><counter type="INSTRUCTION" missed="41" covered="0"/><counter type="LINE" missed="12" covered="0"/><counter type="COMPLEXITY" missed="1" covered="0"/><counter type="METHOD" missed="1" covered="0"/></method><method name="lambda$getTotalBalance$2" desc="(Lpt/ulisboa/tecnico/learnjava/bank/domain/Account;)I" line="100"><counter type="INSTRUCTION" missed="3" covered="0"/><counter type="LINE" missed="1" covered="0"/><counter type="COMPLEXITY" missed="1" covered="0"/><counter type="METHOD" missed="1" covered="0"/></method><method name="lambda$getAccountByAccountId$1" desc="(Ljava/lang/String;Lpt/ulisboa/tecnico/learnjava/bank/domain/Account;)Z" line="88"><counter type="INSTRUCTION" missed="5" covered="0"/><counter type="LINE" missed="1" covered="0"/><counter type="COMPLEXITY" missed="1" covered="0"/><counter type="METHOD" missed="1" covered="0"/></method><method name="lambda$getBankByCode$0" desc="(Ljava/lang/String;Lpt/ulisboa/tecnico/learnjava/bank/domain/Bank;)Z" line="29"><counter type="INSTRUCTION" missed="5" covered="0"/><counter type="LINE" missed="1" covered="0"/><counter type="COMPLEXITY" missed="1" covered="0"/><counter type="METHOD" missed="1" covered="0"/></method><method name="&lt;clinit&gt;" desc="()V" line="26"><counter type="INSTRUCTION" missed="0" covered="5"/><counter type="LINE" missed="0" covered="1"/><counter type="COMPLEXITY" missed="0" covered="1"/><counter type="METHOD" missed="0" covered="1"/></method><counter type="INSTRUCTION" missed="117" covered="56"/><counter type="BRANCH" missed="3" covered="3"/><counter type="LINE" missed="25" covered="16"/><counter type="COMPLEXITY" missed="13" covered="7"/><counter type="METHOD" missed="10" covered="7"/><counter type="CLASS" missed="0" covered="1"/></class><class name="pt/ulisboa/tecnico/learnjava/bank/domain/CheckingAccount" sourcefilename="CheckingAccount.java"><method name="&lt;init&gt;" desc="(Lpt/ulisboa/tecnico/learnjava/bank/domain/Bank;I)V" line="9"><counter type="INSTRUCTION" missed="0" covered="5"/><counter type="LINE" missed="0" covered="2"/><counter type="COMPLEXITY" missed="0" covered="1"/><counter type="METHOD" missed="0" covered="1"/></method><method name="getNextAccountId" desc="()Ljava/lang/String;" line="14"><counter type="INSTRUCTION" missed="0" covered="10"/><counter type="LINE" missed="0" covered="1"/><counter type="COMPLEXITY" missed="0" covered="1"/><counter type="METHOD" missed="0" covered="1"/></method><method name="withdraw" desc="(I)V" line="19"><counter type="INSTRUCTION" missed="12" covered="0"/><counter type="BRANCH" missed="2" covered="0"/><counter type="LINE" missed="4" covered="0"/><counter type="COMPLEXITY" missed="2" covered="0"/><counter type="METHOD" missed="1" covered="0"/></method><counter type="INSTRUCTION" missed="12" covered="15"/><counter type="BRANCH" missed="2" covered="0"/><counter type="LINE" missed="4" covered="3"/><counter type="COMPLEXITY" missed="2" covered="2"/><counter type="METHOD" missed="1" covered="2"/><counter type="CLASS" missed="0" covered="1"/></class><class name="pt/ulisboa/tecnico/learnjava/bank/domain/Bank$AccountType" sourcefilename="Bank.java"><method name="&lt;init&gt;" desc="(Ljava/lang/String;ILjava/lang/String;)V" line="17"><counter type="INSTRUCTION" missed="0" covered="8"/><counter type="LINE" missed="0" covered="3"/><counter type="COMPLEXITY" missed="0" covered="1"/><counter type="METHOD" missed="0" covered="1"/></method><method name="getPrefix" desc="()Ljava/lang/String;" line="22"><counter type="INSTRUCTION" missed="0" covered="3"/><counter type="LINE" missed="0" covered="1"/><counter type="COMPLEXITY" missed="0" covered="1"/><counter type="METHOD" missed="0" covered="1"/></method><method name="&lt;clinit&gt;" desc="()V" line="12"><counter type="INSTRUCTION" missed="0" covered="10"/><counter type="LINE" missed="0" covered="2"/><counter type="COMPLEXITY" missed="0" covered="1"/><counter type="METHOD" missed="0" covered="1"/></method><counter type="INSTRUCTION" missed="0" covered="21"/><counter type="LINE" missed="0" covered="6"/><counter type="COMPLEXITY" missed="0" covered="3"/><counter type="METHOD" missed="0" covered="3"/><counter type="CLASS" missed="0" covered="1"/></class><sourcefile name="Bank.java"><line nr="12" mi="0" ci="3" mb="0" cb="0"/><line nr="13" mi="0" ci="7" mb="0" cb="0"/><line nr="17" mi="0" ci="4" mb="0" cb="0"/><line nr="18" mi="0" ci="3" mb="0" cb="0"/><line nr="19" mi="0" ci="1" mb="0" cb="0"/><line nr="22" mi="0" ci="3" mb="0" cb="0"/><line nr="26" mi="0" ci="5" mb="0" cb="0"/><line nr="29" mi="5" ci="10" mb="0" cb="0"/><line nr="33" mi="0" ci="2" mb="0" cb="0"/><line nr="34" mi="0" ci="1" mb="0" cb="0"/><line nr="39" mi="0" ci="2" mb="0" cb="0"/><line nr="40" mi="0" ci="3" mb="0" cb="0"/><line nr="42" mi="0" ci="3" mb="0" cb="0"/><line nr="43" mi="0" ci="5" mb="0" cb="0"/><line nr="45" mi="0" ci="4" mb="0" cb="0"/><line nr="46" mi="0" ci="1" mb="0" cb="0"/><line nr="50" mi="0" ci="6" mb="2" cb="2"/><line nr="51" mi="4" ci="0" mb="0" cb="0"/><line nr="55" mi="0" ci="3" mb="1" cb="1"/><line nr="56" mi="4" ci="0" mb="0" cb="0"/><line nr="59" mi="0" ci="1" mb="0" cb="0"/><line nr="62" mi="3" ci="0" mb="0" cb="0"/><line nr="68" mi="6" ci="0" mb="0" cb="0"/><line nr="70" mi="6" ci="0" mb="0" cb="0"/><line nr="74" mi="0" ci="5" mb="0" cb="0"/><line nr="75" mi="0" ci="1" mb="0" cb="0"/><line nr="78" mi="5" ci="0" mb="0" cb="0"/><line nr="79" mi="4" ci="0" mb="0" cb="0"/><line nr="81" mi="3" ci="0" mb="0" cb="0"/><line nr="82" mi="4" ci="0" mb="0" cb="0"/><line nr="84" mi="2" ci="0" mb="0" cb="0"/><line nr="88" mi="16" ci="0" mb="0" cb="0"/><line nr="92" mi="0" ci="4" mb="0" cb="0"/><line nr="96" mi="4" ci="0" mb="0" cb="0"/><line nr="100" mi="10" ci="0" mb="0" cb="0"/><line nr="104" mi="4" ci="0" mb="0" cb="0"/><line nr="105" mi="5" ci="0" mb="0" cb="0"/><line nr="107" mi="5" ci="0" mb="0" cb="0"/><line nr="108" mi="5" ci="0" mb="0" cb="0"/><line nr="110" mi="4" ci="0" mb="0" cb="0"/><line nr="112" mi="3" ci="0" mb="0" cb="0"/><line nr="115" mi="3" ci="0" mb="0" cb="0"/><line nr="116" mi="1" ci="0" mb="0" cb="0"/><line nr="117" mi="5" ci="0" mb="0" cb="0"/><line nr="118" mi="1" ci="0" mb="0" cb="0"/><line nr="120" mi="4" ci="0" mb="0" cb="0"/><line nr="121" mi="1" ci="0" mb="0" cb="0"/><counter type="INSTRUCTION" missed="117" covered="77"/><counter type="BRANCH" missed="3" covered="3"/><counter type="LINE" missed="25" covered="22"/><counter type="COMPLEXITY" missed="13" covered="10"/><counter type="METHOD" missed="10" covered="10"/><counter type="CLASS" missed="0" covered="2"/></sourcefile><sourcefile name="CheckingAccount.java"><line nr="9" mi="0" ci="4" mb="0" cb="0"/><line nr="10" mi="0" ci="1" mb="0" cb="0"/><line nr="14" mi="0" ci="10" mb="0" cb="0"/><line nr="19" mi="4" ci="0" mb="2" cb="0"/><line nr="20" mi="4" ci="0" mb="0" cb="0"/><line nr="23" mi="3" ci="0" mb="0" cb="0"/><line nr="24" mi="1" ci="0" mb="0" cb="0"/><counter type="INSTRUCTION" missed="12" covered="15"/><counter type="BRANCH" missed="2" covered="0"/><counter type="LINE" missed="4" covered="3"/><counter type="COMPLEXITY" missed="2" covered="2"/><counter type="METHOD" missed="1" covered="2"/><counter type="CLASS" missed="0" covered="1"/></sourcefile><sourcefile name="Account.java"><line nr="14" mi="4" ci="0" mb="0" cb="0"/><line nr="15" mi="1" ci="0" mb="0" cb="0"/><line nr="17" mi="0" ci="2" mb="0" cb="0"/><line nr="18" mi="0" ci="4" mb="0" cb="4"/><line nr="19" mi="0" ci="4" mb="0" cb="0"/><line nr="22" mi="0" ci="4" mb="0" cb="0"/><line nr="23" mi="0" ci="3" mb="0" cb="0"/><line nr="24" mi="0" ci="3" mb="0" cb="0"/><line nr="26" mi="0" ci="4" mb="0" cb="0"/><line nr="27" mi="0" ci="1" mb="0" cb="0"/><line nr="32" mi="0" ci="3" mb="0" cb="0"/><line nr="36" mi="3" ci="0" mb="0" cb="0"/><line nr="40" mi="0" ci="3" mb="1" cb="1"/><line nr="41" mi="5" ci="0" mb="0" cb="0"/><line nr="44" mi="0" ci="2" mb="0" cb="2"/><line nr="45" mi="0" ci="5" mb="0" cb="0"/><line nr="47" mi="0" ci="6" mb="0" cb="0"/><line nr="49" mi="0" ci="1" mb="0" cb="0"/><line nr="52" mi="3" ci="0" mb="2" cb="0"/><line nr="53" mi="5" ci="0" mb="0" cb="0"/><line nr="56" mi="2" ci="0" mb="2" cb="0"/><line nr="57" mi="4" ci="0" mb="0" cb="0"/><line nr="60" mi="6" ci="0" mb="0" cb="0"/><line nr="61" mi="1" ci="0" mb="0" cb="0"/><counter type="INSTRUCTION" missed="34" covered="45"/><counter type="BRANCH" missed="5" covered="7"/><counter type="LINE" missed="10" covered="14"/><counter type="COMPLEXITY" missed="6" covered="6"/><counter type="METHOD" missed="3" covered="3"/><counter type="CLASS" missed="0" covered="1"/></sourcefile><counter type="INSTRUCTION" missed="163" covered="137"/><counter type="BRANCH" missed="10" covered="10"/><counter type="LINE" missed="39" covered="39"/><counter type="COMPLEXITY" missed="21" covered="18"/><counter type="METHOD" missed="14" covered="15"/><counter type="CLASS" missed="0" covered="4"/></package><package name="pt/ulisboa/tecnico/learnjava/bank/exceptions"><class name="pt/ulisboa/tecnico/learnjava/bank/exceptions/BankException" sourcefilename="BankException.java"><method name="&lt;init&gt;" desc="()V" line="3"><counter type="INSTRUCTION" missed="3" covered="0"/><counter type="LINE" missed="1" covered="0"/><counter type="COMPLEXITY" missed="1" covered="0"/><counter type="METHOD" missed="1" covered="0"/></method><counter type="INSTRUCTION" missed="3" covered="0"/><counter type="LINE" missed="1" covered="0"/><counter type="COMPLEXITY" missed="1" covered="0"/><counter type="METHOD" missed="1" covered="0"/><counter type="CLASS" missed="1" covered="0"/></class><class name="pt/ulisboa/tecnico/learnjava/bank/exceptions/AccountException" sourcefilename="AccountException.java"><method name="&lt;init&gt;" desc="()V" line="7"><counter type="INSTRUCTION" missed="0" covered="4"/><counter type="LINE" missed="0" covered="2"/><counter type="COMPLEXITY" missed="0" covered="1"/><counter type="METHOD" missed="0" covered="1"/></method><method name="&lt;init&gt;" desc="(I)V" line="10"><counter type="INSTRUCTION" missed="0" covered="6"/><counter type="LINE" missed="0" covered="3"/><counter type="COMPLEXITY" missed="0" covered="1"/><counter type="METHOD" missed="0" covered="1"/></method><method name="getValue" desc="()I" line="15"><counter type="INSTRUCTION" missed="3" covered="0"/><counter type="LINE" missed="1" covered="0"/><counter type="COMPLEXITY" missed="1" covered="0"/><counter type="METHOD" missed="1" covered="0"/></method><counter type="INSTRUCTION" missed="3" covered="10"/><counter type="LINE" missed="1" covered="5"/><counter type="COMPLEXITY" missed="1" covered="2"/><counter type="METHOD" missed="1" covered="2"/><counter type="CLASS" missed="0" covered="1"/></class><sourcefile name="BankException.java"><line nr="3" mi="3" ci="0" mb="0" cb="0"/><counter type="INSTRUCTION" missed="3" covered="0"/><counter type="LINE" missed="1" covered="0"/><counter type="COMPLEXITY" missed="1" covered="0"/><counter type="METHOD" missed="1" covered="0"/><counter type="CLASS" missed="1" covered="0"/></sourcefile><sourcefile name="AccountException.java"><line nr="7" mi="0" ci="3" mb="0" cb="0"/><line nr="8" mi="0" ci="1" mb="0" cb="0"/><line nr="10" mi="0" ci="2" mb="0" cb="0"/><line nr="11" mi="0" ci="3" mb="0" cb="0"/><line nr="12" mi="0" ci="1" mb="0" cb="0"/><line nr="15" mi="3" ci="0" mb="0" cb="0"/><counter type="INSTRUCTION" missed="3" covered="10"/><counter type="LINE" missed="1" covered="5"/><counter type="COMPLEXITY" missed="1" covered="2"/><counter type="METHOD" missed="1" covered="2"/><counter type="CLASS" missed="0" covered="1"/></sourcefile><counter type="INSTRUCTION" missed="6" covered="10"/><counter type="LINE" missed="2" covered="5"/><counter type="COMPLEXITY" missed="2" covered="2"/><counter type="METHOD" missed="2" covered="2"/><counter type="CLASS" missed="1" covered="1"/></package><package name="pt/ulisboa/tecnico/learnjava/bank/services"><class name="pt/ulisboa/tecnico/learnjava/bank/services/BankServices" sourcefilename="BankServices.java"><method name="&lt;init&gt;" desc="()V" line="7"><counter type="INSTRUCTION" missed="3" covered="0"/><counter type="LINE" missed="1" covered="0"/><counter type="COMPLEXITY" missed="1" covered="0"/><counter type="METHOD" missed="1" covered="0"/></method><method name="deposit" desc="(Ljava/lang/String;I)V" line="9"><counter type="INSTRUCTION" missed="7" covered="0"/><counter type="LINE" missed="3" covered="0"/><counter type="COMPLEXITY" missed="1" covered="0"/><counter type="METHOD" missed="1" covered="0"/></method><method name="withdraw" desc="(Ljava/lang/String;I)V" line="15"><counter type="INSTRUCTION" missed="7" covered="0"/><counter type="LINE" missed="3" covered="0"/><counter type="COMPLEXITY" missed="1" covered="0"/><counter type="METHOD" missed="1" covered="0"/></method><counter type="INSTRUCTION" missed="17" covered="0"/><counter type="LINE" missed="7" covered="0"/><counter type="COMPLEXITY" missed="3" covered="0"/><counter type="METHOD" missed="3" covered="0"/><counter type="CLASS" missed="1" covered="0"/></class><sourcefile name="BankServices.java"><line nr="7" mi="3" ci="0" mb="0" cb="0"/><line nr="9" mi="3" ci="0" mb="0" cb="0"/><line nr="11" mi="3" ci="0" mb="0" cb="0"/><line nr="12" mi="1" ci="0" mb="0" cb="0"/><line nr="15" mi="3" ci="0" mb="0" cb="0"/><line nr="17" mi="3" ci="0" mb="0" cb="0"/><line nr="18" mi="1" ci="0" mb="0" cb="0"/><counter type="INSTRUCTION" missed="17" covered="0"/><counter type="LINE" missed="7" covered="0"/><counter type="COMPLEXITY" missed="3" covered="0"/><counter type="METHOD" missed="3" covered="0"/><counter type="CLASS" missed="1" covered="0"/></sourcefile><counter type="INSTRUCTION" missed="17" covered="0"/><counter type="LINE" missed="7" covered="0"/><counter type="COMPLEXITY" missed="3" covered="0"/><counter type="METHOD" missed="3" covered="0"/><counter type="CLASS" missed="1" covered="0"/></package><counter type="INSTRUCTION" missed="186" covered="147"/><counter type="BRANCH" missed="10" covered="10"/><counter type="LINE" missed="48" covered="44"/><counter type="COMPLEXITY" missed="26" covered="20"/><counter type="METHOD" missed="19" covered="17"/><counter type="CLASS" missed="2" covered="5"/></report>